18/06/02 21:02:46 INFO SparkContext: Running Spark version 2.2.0
18/06/02 21:02:47 WARN NativeCodeLoader: Unable to load native-hadoop library for your platform... using builtin-java classes where applicable
18/06/02 21:02:47 INFO SparkContext: Submitted application: sparklyr
18/06/02 21:02:47 INFO SecurityManager: Changing view acls to: zhouq
18/06/02 21:02:47 INFO SecurityManager: Changing modify acls to: zhouq
18/06/02 21:02:47 INFO SecurityManager: Changing view acls groups to: 
18/06/02 21:02:47 INFO SecurityManager: Changing modify acls groups to: 
18/06/02 21:02:47 INFO SecurityManager: SecurityManager: authentication disabled; ui acls disabled; users  with view permissions: Set(zhouq); groups with view permissions: Set(); users  with modify permissions: Set(zhouq); groups with modify permissions: Set()
18/06/02 21:02:47 INFO Utils: Successfully started service 'sparkDriver' on port 56294.
18/06/02 21:02:47 INFO SparkEnv: Registering MapOutputTracker
18/06/02 21:02:47 INFO SparkEnv: Registering BlockManagerMaster
18/06/02 21:02:47 INFO BlockManagerMasterEndpoint: Using org.apache.spark.storage.DefaultTopologyMapper for getting topology information
18/06/02 21:02:47 INFO BlockManagerMasterEndpoint: BlockManagerMasterEndpoint up
18/06/02 21:02:47 INFO DiskBlockManager: Created local directory at C:\Users\zhouq\AppData\Local\Temp\blockmgr-a6873589-aec8-4464-a109-c937753bcdc7
18/06/02 21:02:47 INFO MemoryStore: MemoryStore started with capacity 366.3 MB
18/06/02 21:02:47 INFO SparkEnv: Registering OutputCommitCoordinator
18/06/02 21:02:47 INFO Utils: Successfully started service 'SparkUI' on port 4040.
18/06/02 21:02:48 INFO SparkUI: Bound SparkUI to 127.0.0.1, and started at http://127.0.0.1:4040
18/06/02 21:02:48 INFO SparkContext: Added JAR file:/C:/Users/zhouq/Documents/R/win-library/3.4/sparklyr/java/sparklyr-2.2-2.11.jar at spark://127.0.0.1:56294/jars/sparklyr-2.2-2.11.jar with timestamp 1527944568066
18/06/02 21:02:48 INFO Executor: Starting executor ID driver on host localhost
18/06/02 21:02:48 INFO Utils: Successfully started service 'org.apache.spark.network.netty.NettyBlockTransferService' on port 56315.
18/06/02 21:02:48 INFO NettyBlockTransferService: Server created on 127.0.0.1:56315
18/06/02 21:02:48 INFO BlockManager: Using org.apache.spark.storage.RandomBlockReplicationPolicy for block replication policy
18/06/02 21:02:48 INFO BlockManagerMaster: Registering BlockManager BlockManagerId(driver, 127.0.0.1, 56315, None)
18/06/02 21:02:48 INFO BlockManagerMasterEndpoint: Registering block manager 127.0.0.1:56315 with 366.3 MB RAM, BlockManagerId(driver, 127.0.0.1, 56315, None)
18/06/02 21:02:48 INFO BlockManagerMaster: Registered BlockManager BlockManagerId(driver, 127.0.0.1, 56315, None)
18/06/02 21:02:48 INFO BlockManager: Initialized BlockManager: BlockManagerId(driver, 127.0.0.1, 56315, None)
18/06/02 21:02:48 WARN SparkContext: Using an existing SparkContext; some configuration may not take effect.
18/06/02 21:02:48 INFO SharedState: loading hive config file: file:/C:/Users/zhouq/AppData/Local/spark/spark-2.2.0-bin-hadoop2.7/conf/hive-site.xml
18/06/02 21:02:49 INFO SharedState: Setting hive.metastore.warehouse.dir ('C:\Users\zhouq\AppData\Local\spark\spark-2.2.0-bin-hadoop2.7\tmp\hive') to the value of spark.sql.warehouse.dir ('C:UserszhouqAppDataLocalsparkspark-2.2.0-bin-hadoop2.7	mphive').
18/06/02 21:02:49 INFO SharedState: Warehouse path is 'C:UserszhouqAppDataLocalsparkspark-2.2.0-bin-hadoop2.7	mphive'.
18/06/02 21:02:50 INFO HiveUtils: Initializing HiveMetastoreConnection version 1.2.1 using Spark classes.
18/06/02 21:02:50 INFO HiveMetaStore: 0: Opening raw store with implemenation class:org.apache.hadoop.hive.metastore.ObjectStore
18/06/02 21:02:50 INFO ObjectStore: ObjectStore, initialize called
18/06/02 21:02:51 INFO Persistence: Property hive.metastore.integral.jdo.pushdown unknown - will be ignored
18/06/02 21:02:51 INFO Persistence: Property datanucleus.cache.level2 unknown - will be ignored
18/06/02 21:02:52 INFO ObjectStore: Setting MetaStore object pin classes with hive.metastore.cache.pinobjtypes="Table,StorageDescriptor,SerDeInfo,Partition,Database,Type,FieldSchema,Order"
18/06/02 21:02:53 INFO Datastore: The class "org.apache.hadoop.hive.metastore.model.MFieldSchema" is tagged as "embedded-only" so does not have its own datastore table.
18/06/02 21:02:53 INFO Datastore: The class "org.apache.hadoop.hive.metastore.model.MOrder" is tagged as "embedded-only" so does not have its own datastore table.
18/06/02 21:02:54 INFO Datastore: The class "org.apache.hadoop.hive.metastore.model.MFieldSchema" is tagged as "embedded-only" so does not have its own datastore table.
18/06/02 21:02:54 INFO Datastore: The class "org.apache.hadoop.hive.metastore.model.MOrder" is tagged as "embedded-only" so does not have its own datastore table.
18/06/02 21:02:54 INFO MetaStoreDirectSql: Using direct SQL, underlying DB is DERBY
18/06/02 21:02:54 INFO ObjectStore: Initialized ObjectStore
18/06/02 21:02:54 WARN ObjectStore: Version information not found in metastore. hive.metastore.schema.verification is not enabled so recording the schema version 1.2.0
18/06/02 21:02:54 WARN ObjectStore: Failed to get database default, returning NoSuchObjectException
18/06/02 21:02:54 INFO HiveMetaStore: Added admin role in metastore
18/06/02 21:02:54 INFO HiveMetaStore: Added public role in metastore
18/06/02 21:02:55 INFO HiveMetaStore: No user is added in admin role, since config is empty
18/06/02 21:02:55 INFO HiveMetaStore: 0: get_all_databases
18/06/02 21:02:55 INFO audit: ugi=zhouq	ip=unknown-ip-addr	cmd=get_all_databases	
18/06/02 21:02:55 INFO HiveMetaStore: 0: get_functions: db=default pat=*
18/06/02 21:02:55 INFO audit: ugi=zhouq	ip=unknown-ip-addr	cmd=get_functions: db=default pat=*	
18/06/02 21:02:55 INFO Datastore: The class "org.apache.hadoop.hive.metastore.model.MResourceUri" is tagged as "embedded-only" so does not have its own datastore table.
18/06/02 21:02:55 INFO SessionState: Created local directory: C:/Users/zhouq/AppData/Local/Temp/12e40daa-5e53-4d81-9dc0-b60e0bdbc91d_resources
18/06/02 21:02:55 INFO SessionState: Created HDFS directory: C:/Users/zhouq/AppData/Local/spark/spark-2.2.0-bin-hadoop2.7/tmp/hive/zhouq/12e40daa-5e53-4d81-9dc0-b60e0bdbc91d
18/06/02 21:02:55 INFO SessionState: Created local directory: C:/Users/zhouq/AppData/Local/spark/spark-2.2.0-bin-hadoop2.7/tmp/hive/12e40daa-5e53-4d81-9dc0-b60e0bdbc91d
18/06/02 21:02:55 INFO SessionState: Created HDFS directory: C:/Users/zhouq/AppData/Local/spark/spark-2.2.0-bin-hadoop2.7/tmp/hive/zhouq/12e40daa-5e53-4d81-9dc0-b60e0bdbc91d/_tmp_space.db
18/06/02 21:02:55 INFO HiveClientImpl: Warehouse location for Hive client (version 1.2.1) is C:UserszhouqAppDataLocalsparkspark-2.2.0-bin-hadoop2.7	mphive
18/06/02 21:02:55 INFO HiveMetaStore: 0: get_database: default
18/06/02 21:02:55 INFO audit: ugi=zhouq	ip=unknown-ip-addr	cmd=get_database: default	
18/06/02 21:02:55 INFO HiveMetaStore: 0: get_database: global_temp
18/06/02 21:02:55 INFO audit: ugi=zhouq	ip=unknown-ip-addr	cmd=get_database: global_temp	
18/06/02 21:02:55 WARN ObjectStore: Failed to get database global_temp, returning NoSuchObjectException
18/06/02 21:02:56 INFO SessionState: Created local directory: C:/Users/zhouq/AppData/Local/Temp/bdb9cf92-a1ee-46fb-834e-054bd9c7a7d0_resources
18/06/02 21:02:56 INFO SessionState: Created HDFS directory: C:/Users/zhouq/AppData/Local/spark/spark-2.2.0-bin-hadoop2.7/tmp/hive/zhouq/bdb9cf92-a1ee-46fb-834e-054bd9c7a7d0
18/06/02 21:02:56 INFO SessionState: Created local directory: C:/Users/zhouq/AppData/Local/spark/spark-2.2.0-bin-hadoop2.7/tmp/hive/bdb9cf92-a1ee-46fb-834e-054bd9c7a7d0
18/06/02 21:02:56 INFO SessionState: Created HDFS directory: C:/Users/zhouq/AppData/Local/spark/spark-2.2.0-bin-hadoop2.7/tmp/hive/zhouq/bdb9cf92-a1ee-46fb-834e-054bd9c7a7d0/_tmp_space.db
18/06/02 21:02:56 INFO HiveClientImpl: Warehouse location for Hive client (version 1.2.1) is C:UserszhouqAppDataLocalsparkspark-2.2.0-bin-hadoop2.7	mphive
18/06/02 21:02:56 INFO StateStoreCoordinatorRef: Registered StateStoreCoordinator endpoint
18/06/02 21:02:56 INFO SparkSqlParser: Parsing command: SHOW TABLES
18/06/02 21:02:58 INFO HiveMetaStore: 0: get_database: default
18/06/02 21:02:58 INFO audit: ugi=zhouq	ip=unknown-ip-addr	cmd=get_database: default	
18/06/02 21:02:58 INFO HiveMetaStore: 0: get_database: default
18/06/02 21:02:58 INFO audit: ugi=zhouq	ip=unknown-ip-addr	cmd=get_database: default	
18/06/02 21:02:58 INFO HiveMetaStore: 0: get_tables: db=default pat=*
18/06/02 21:02:58 INFO audit: ugi=zhouq	ip=unknown-ip-addr	cmd=get_tables: db=default pat=*	
18/06/02 21:02:58 WARN SparkSession$Builder: Using an existing SparkSession; some configuration may not take effect.
18/06/02 21:02:58 INFO SparkSqlParser: Parsing command: SHOW TABLES
18/06/02 21:02:58 INFO HiveMetaStore: 0: get_database: default
18/06/02 21:02:58 INFO audit: ugi=zhouq	ip=unknown-ip-addr	cmd=get_database: default	
18/06/02 21:02:58 INFO HiveMetaStore: 0: get_database: default
18/06/02 21:02:58 INFO audit: ugi=zhouq	ip=unknown-ip-addr	cmd=get_database: default	
18/06/02 21:02:58 INFO HiveMetaStore: 0: get_tables: db=default pat=*
18/06/02 21:02:58 INFO audit: ugi=zhouq	ip=unknown-ip-addr	cmd=get_tables: db=default pat=*	
18/06/02 21:05:15 WARN SparkSession$Builder: Using an existing SparkSession; some configuration may not take effect.
18/06/02 21:05:15 INFO SparkSqlParser: Parsing command: SHOW TABLES
18/06/02 21:05:15 INFO HiveMetaStore: 0: get_database: default
18/06/02 21:05:15 INFO audit: ugi=zhouq	ip=unknown-ip-addr	cmd=get_database: default	
18/06/02 21:05:15 INFO HiveMetaStore: 0: get_database: default
18/06/02 21:05:15 INFO audit: ugi=zhouq	ip=unknown-ip-addr	cmd=get_database: default	
18/06/02 21:05:15 INFO HiveMetaStore: 0: get_tables: db=default pat=*
18/06/02 21:05:15 INFO audit: ugi=zhouq	ip=unknown-ip-addr	cmd=get_tables: db=default pat=*	
18/06/02 21:05:16 INFO SparkContext: Starting job: collect at utils.scala:43
18/06/02 21:05:16 INFO DAGScheduler: Got job 0 (collect at utils.scala:43) with 1 output partitions
18/06/02 21:05:16 INFO DAGScheduler: Final stage: ResultStage 0 (collect at utils.scala:43)
18/06/02 21:05:16 INFO DAGScheduler: Parents of final stage: List()
18/06/02 21:05:16 INFO DAGScheduler: Missing parents: List()
18/06/02 21:05:16 INFO DAGScheduler: Submitting ResultStage 0 (MapPartitionsRDD[4] at map at utils.scala:40), which has no missing parents
18/06/02 21:05:16 INFO MemoryStore: Block broadcast_0 stored as values in memory (estimated size 6.0 KB, free 366.3 MB)
18/06/02 21:05:16 INFO MemoryStore: Block broadcast_0_piece0 stored as bytes in memory (estimated size 3.4 KB, free 366.3 MB)
18/06/02 21:05:16 INFO BlockManagerInfo: Added broadcast_0_piece0 in memory on 127.0.0.1:56315 (size: 3.4 KB, free: 366.3 MB)
18/06/02 21:05:16 INFO SparkContext: Created broadcast 0 from broadcast at DAGScheduler.scala:1006
18/06/02 21:05:16 INFO DAGScheduler: Submitting 1 missing tasks from ResultStage 0 (MapPartitionsRDD[4] at map at utils.scala:40) (first 15 tasks are for partitions Vector(0))
18/06/02 21:05:16 INFO TaskSchedulerImpl: Adding task set 0.0 with 1 tasks
18/06/02 21:05:16 INFO TaskSetManager: Starting task 0.0 in stage 0.0 (TID 0, localhost, executor driver, partition 0, PROCESS_LOCAL, 4852 bytes)
18/06/02 21:05:16 INFO Executor: Running task 0.0 in stage 0.0 (TID 0)
18/06/02 21:05:16 INFO Executor: Fetching spark://127.0.0.1:56294/jars/sparklyr-2.2-2.11.jar with timestamp 1527944568066
18/06/02 21:05:16 INFO TransportClientFactory: Successfully created connection to /127.0.0.1:56294 after 19 ms (0 ms spent in bootstraps)
18/06/02 21:05:16 INFO Utils: Fetching spark://127.0.0.1:56294/jars/sparklyr-2.2-2.11.jar to C:\Users\zhouq\AppData\Local\Temp\spark-14324b44-70d0-468f-a7e7-7e1a98858bbb\userFiles-a5dcbd11-ce0a-46b4-8a05-c0f560dcdcfe\fetchFileTemp5269077537019885571.tmp
18/06/02 21:05:17 INFO Executor: Adding file:/C:/Users/zhouq/AppData/Local/Temp/spark-14324b44-70d0-468f-a7e7-7e1a98858bbb/userFiles-a5dcbd11-ce0a-46b4-8a05-c0f560dcdcfe/sparklyr-2.2-2.11.jar to class loader
18/06/02 21:05:17 INFO CodeGenerator: Code generated in 261.887776 ms
18/06/02 21:05:17 INFO Executor: Finished task 0.0 in stage 0.0 (TID 0). 970 bytes result sent to driver
18/06/02 21:05:17 INFO TaskSetManager: Finished task 0.0 in stage 0.0 (TID 0) in 789 ms on localhost (executor driver) (1/1)
18/06/02 21:05:17 INFO TaskSchedulerImpl: Removed TaskSet 0.0, whose tasks have all completed, from pool 
18/06/02 21:05:17 INFO DAGScheduler: ResultStage 0 (collect at utils.scala:43) finished in 0.816 s
18/06/02 21:05:17 INFO DAGScheduler: Job 0 finished: collect at utils.scala:43, took 1.049656 s
18/06/02 21:06:13 WARN SparkSession$Builder: Using an existing SparkSession; some configuration may not take effect.
18/06/02 21:06:13 INFO SparkSqlParser: Parsing command: SHOW TABLES
18/06/02 21:06:13 INFO HiveMetaStore: 0: get_database: default
18/06/02 21:06:13 INFO audit: ugi=zhouq	ip=unknown-ip-addr	cmd=get_database: default	
18/06/02 21:06:13 INFO HiveMetaStore: 0: get_database: default
18/06/02 21:06:13 INFO audit: ugi=zhouq	ip=unknown-ip-addr	cmd=get_database: default	
18/06/02 21:06:13 INFO HiveMetaStore: 0: get_tables: db=default pat=*
18/06/02 21:06:13 INFO audit: ugi=zhouq	ip=unknown-ip-addr	cmd=get_tables: db=default pat=*	
18/06/02 21:06:13 INFO SparkContext: Starting job: collect at utils.scala:43
18/06/02 21:06:13 INFO DAGScheduler: Got job 1 (collect at utils.scala:43) with 1 output partitions
18/06/02 21:06:13 INFO DAGScheduler: Final stage: ResultStage 1 (collect at utils.scala:43)
18/06/02 21:06:13 INFO DAGScheduler: Parents of final stage: List()
18/06/02 21:06:13 INFO DAGScheduler: Missing parents: List()
18/06/02 21:06:13 INFO DAGScheduler: Submitting ResultStage 1 (MapPartitionsRDD[9] at map at utils.scala:40), which has no missing parents
18/06/02 21:06:13 INFO MemoryStore: Block broadcast_1 stored as values in memory (estimated size 6.0 KB, free 366.3 MB)
18/06/02 21:06:13 INFO MemoryStore: Block broadcast_1_piece0 stored as bytes in memory (estimated size 3.4 KB, free 366.3 MB)
18/06/02 21:06:13 INFO BlockManagerInfo: Added broadcast_1_piece0 in memory on 127.0.0.1:56315 (size: 3.4 KB, free: 366.3 MB)
18/06/02 21:06:13 INFO SparkContext: Created broadcast 1 from broadcast at DAGScheduler.scala:1006
18/06/02 21:06:13 INFO DAGScheduler: Submitting 1 missing tasks from ResultStage 1 (MapPartitionsRDD[9] at map at utils.scala:40) (first 15 tasks are for partitions Vector(0))
18/06/02 21:06:13 INFO TaskSchedulerImpl: Adding task set 1.0 with 1 tasks
18/06/02 21:06:13 INFO TaskSetManager: Starting task 0.0 in stage 1.0 (TID 1, localhost, executor driver, partition 0, PROCESS_LOCAL, 4852 bytes)
18/06/02 21:06:13 INFO Executor: Running task 0.0 in stage 1.0 (TID 1)
18/06/02 21:06:13 INFO Executor: Finished task 0.0 in stage 1.0 (TID 1). 884 bytes result sent to driver
18/06/02 21:06:13 INFO TaskSetManager: Finished task 0.0 in stage 1.0 (TID 1) in 19 ms on localhost (executor driver) (1/1)
18/06/02 21:06:13 INFO DAGScheduler: ResultStage 1 (collect at utils.scala:43) finished in 0.019 s
18/06/02 21:06:13 INFO DAGScheduler: Job 1 finished: collect at utils.scala:43, took 0.033070 s
18/06/02 21:06:13 INFO TaskSchedulerImpl: Removed TaskSet 1.0, whose tasks have all completed, from pool 
18/06/02 21:06:14 WARN SparkSession$Builder: Using an existing SparkSession; some configuration may not take effect.
18/06/02 21:06:14 INFO SparkSqlParser: Parsing command: iris
18/06/02 21:06:14 WARN SparkSession$Builder: Using an existing SparkSession; some configuration may not take effect.
18/06/02 21:06:14 INFO SparkSqlParser: Parsing command: CACHE TABLE `iris`
18/06/02 21:06:14 INFO SparkSqlParser: Parsing command: `iris`
18/06/02 21:06:14 INFO CodeGenerator: Code generated in 22.711021 ms
18/06/02 21:06:14 INFO CodeGenerator: Code generated in 13.287242 ms
18/06/02 21:06:14 INFO SparkContext: Starting job: sql at NativeMethodAccessorImpl.java:0
18/06/02 21:06:14 INFO DAGScheduler: Registering RDD 17 (sql at NativeMethodAccessorImpl.java:0)
18/06/02 21:06:14 INFO DAGScheduler: Got job 2 (sql at NativeMethodAccessorImpl.java:0) with 1 output partitions
18/06/02 21:06:14 INFO DAGScheduler: Final stage: ResultStage 3 (sql at NativeMethodAccessorImpl.java:0)
18/06/02 21:06:14 INFO DAGScheduler: Parents of final stage: List(ShuffleMapStage 2)
18/06/02 21:06:14 INFO DAGScheduler: Missing parents: List(ShuffleMapStage 2)
18/06/02 21:06:14 INFO DAGScheduler: Submitting ShuffleMapStage 2 (MapPartitionsRDD[17] at sql at NativeMethodAccessorImpl.java:0), which has no missing parents
18/06/02 21:06:14 INFO MemoryStore: Block broadcast_2 stored as values in memory (estimated size 18.3 KB, free 366.3 MB)
18/06/02 21:06:14 INFO MemoryStore: Block broadcast_2_piece0 stored as bytes in memory (estimated size 8.4 KB, free 366.3 MB)
18/06/02 21:06:14 INFO BlockManagerInfo: Added broadcast_2_piece0 in memory on 127.0.0.1:56315 (size: 8.4 KB, free: 366.3 MB)
18/06/02 21:06:14 INFO SparkContext: Created broadcast 2 from broadcast at DAGScheduler.scala:1006
18/06/02 21:06:14 INFO DAGScheduler: Submitting 1 missing tasks from ShuffleMapStage 2 (MapPartitionsRDD[17] at sql at NativeMethodAccessorImpl.java:0) (first 15 tasks are for partitions Vector(0))
18/06/02 21:06:14 INFO TaskSchedulerImpl: Adding task set 2.0 with 1 tasks
18/06/02 21:06:14 INFO TaskSetManager: Starting task 0.0 in stage 2.0 (TID 2, localhost, executor driver, partition 0, PROCESS_LOCAL, 8774 bytes)
18/06/02 21:06:14 INFO Executor: Running task 0.0 in stage 2.0 (TID 2)
18/06/02 21:06:14 INFO CodeGenerator: Code generated in 15.348893 ms
18/06/02 21:06:14 INFO CodeGenerator: Code generated in 63.965385 ms
18/06/02 21:06:14 INFO MemoryStore: Block rdd_14_0 stored as values in memory (estimated size 5.6 KB, free 366.3 MB)
18/06/02 21:06:14 INFO BlockManagerInfo: Added rdd_14_0 in memory on 127.0.0.1:56315 (size: 5.6 KB, free: 366.3 MB)
18/06/02 21:06:14 INFO CodeGenerator: Code generated in 10.172151 ms
18/06/02 21:06:14 INFO CodeGenerator: Code generated in 26.53011 ms
18/06/02 21:06:14 INFO ContextCleaner: Cleaned accumulator 0
18/06/02 21:06:14 INFO BlockManagerInfo: Removed broadcast_1_piece0 on 127.0.0.1:56315 in memory (size: 3.4 KB, free: 366.3 MB)
18/06/02 21:06:14 INFO ContextCleaner: Cleaned accumulator 76
18/06/02 21:06:14 INFO ContextCleaner: Cleaned accumulator 49
18/06/02 21:06:14 INFO BlockManagerInfo: Removed broadcast_0_piece0 on 127.0.0.1:56315 in memory (size: 3.4 KB, free: 366.3 MB)
18/06/02 21:06:14 INFO Executor: Finished task 0.0 in stage 2.0 (TID 2). 2328 bytes result sent to driver
18/06/02 21:06:14 INFO TaskSetManager: Finished task 0.0 in stage 2.0 (TID 2) in 480 ms on localhost (executor driver) (1/1)
18/06/02 21:06:15 INFO TaskSchedulerImpl: Removed TaskSet 2.0, whose tasks have all completed, from pool 
18/06/02 21:06:15 INFO DAGScheduler: ShuffleMapStage 2 (sql at NativeMethodAccessorImpl.java:0) finished in 0.482 s
18/06/02 21:06:15 INFO DAGScheduler: looking for newly runnable stages
18/06/02 21:06:15 INFO DAGScheduler: running: Set()
18/06/02 21:06:15 INFO DAGScheduler: waiting: Set(ResultStage 3)
18/06/02 21:06:15 INFO DAGScheduler: failed: Set()
18/06/02 21:06:15 INFO DAGScheduler: Submitting ResultStage 3 (MapPartitionsRDD[20] at sql at NativeMethodAccessorImpl.java:0), which has no missing parents
18/06/02 21:06:15 INFO MemoryStore: Block broadcast_3 stored as values in memory (estimated size 7.0 KB, free 366.3 MB)
18/06/02 21:06:15 INFO MemoryStore: Block broadcast_3_piece0 stored as bytes in memory (estimated size 3.7 KB, free 366.3 MB)
18/06/02 21:06:15 INFO BlockManagerInfo: Added broadcast_3_piece0 in memory on 127.0.0.1:56315 (size: 3.7 KB, free: 366.3 MB)
18/06/02 21:06:15 INFO SparkContext: Created broadcast 3 from broadcast at DAGScheduler.scala:1006
18/06/02 21:06:15 INFO DAGScheduler: Submitting 1 missing tasks from ResultStage 3 (MapPartitionsRDD[20] at sql at NativeMethodAccessorImpl.java:0) (first 15 tasks are for partitions Vector(0))
18/06/02 21:06:15 INFO TaskSchedulerImpl: Adding task set 3.0 with 1 tasks
18/06/02 21:06:15 INFO TaskSetManager: Starting task 0.0 in stage 3.0 (TID 3, localhost, executor driver, partition 0, ANY, 4726 bytes)
18/06/02 21:06:15 INFO Executor: Running task 0.0 in stage 3.0 (TID 3)
18/06/02 21:06:15 INFO ShuffleBlockFetcherIterator: Getting 1 non-empty blocks out of 1 blocks
18/06/02 21:06:15 INFO ShuffleBlockFetcherIterator: Started 0 remote fetches in 7 ms
18/06/02 21:06:15 INFO Executor: Finished task 0.0 in stage 3.0 (TID 3). 1538 bytes result sent to driver
18/06/02 21:06:15 INFO TaskSetManager: Finished task 0.0 in stage 3.0 (TID 3) in 48 ms on localhost (executor driver) (1/1)
18/06/02 21:06:15 INFO TaskSchedulerImpl: Removed TaskSet 3.0, whose tasks have all completed, from pool 
18/06/02 21:06:15 INFO DAGScheduler: ResultStage 3 (sql at NativeMethodAccessorImpl.java:0) finished in 0.049 s
18/06/02 21:06:15 INFO DAGScheduler: Job 2 finished: sql at NativeMethodAccessorImpl.java:0, took 0.618405 s
18/06/02 21:06:15 WARN SparkSession$Builder: Using an existing SparkSession; some configuration may not take effect.
18/06/02 21:06:15 INFO SparkSqlParser: Parsing command: SELECT count(*) FROM  `iris`
18/06/02 21:06:15 INFO HiveMetaStore: 0: get_database: default
18/06/02 21:06:15 INFO audit: ugi=zhouq	ip=unknown-ip-addr	cmd=get_database: default	
18/06/02 21:06:15 INFO SparkContext: Starting job: collect at utils.scala:196
18/06/02 21:06:15 INFO DAGScheduler: Registering RDD 23 (collect at utils.scala:196)
18/06/02 21:06:15 INFO DAGScheduler: Got job 3 (collect at utils.scala:196) with 1 output partitions
18/06/02 21:06:15 INFO DAGScheduler: Final stage: ResultStage 5 (collect at utils.scala:196)
18/06/02 21:06:15 INFO DAGScheduler: Parents of final stage: List(ShuffleMapStage 4)
18/06/02 21:06:15 INFO DAGScheduler: Missing parents: List(ShuffleMapStage 4)
18/06/02 21:06:15 INFO DAGScheduler: Submitting ShuffleMapStage 4 (MapPartitionsRDD[23] at collect at utils.scala:196), which has no missing parents
18/06/02 21:06:15 INFO MemoryStore: Block broadcast_4 stored as values in memory (estimated size 18.3 KB, free 366.2 MB)
18/06/02 21:06:15 INFO MemoryStore: Block broadcast_4_piece0 stored as bytes in memory (estimated size 8.4 KB, free 366.2 MB)
18/06/02 21:06:15 INFO BlockManagerInfo: Added broadcast_4_piece0 in memory on 127.0.0.1:56315 (size: 8.4 KB, free: 366.3 MB)
18/06/02 21:06:15 INFO SparkContext: Created broadcast 4 from broadcast at DAGScheduler.scala:1006
18/06/02 21:06:15 INFO DAGScheduler: Submitting 1 missing tasks from ShuffleMapStage 4 (MapPartitionsRDD[23] at collect at utils.scala:196) (first 15 tasks are for partitions Vector(0))
18/06/02 21:06:15 INFO TaskSchedulerImpl: Adding task set 4.0 with 1 tasks
18/06/02 21:06:15 INFO TaskSetManager: Starting task 0.0 in stage 4.0 (TID 4, localhost, executor driver, partition 0, PROCESS_LOCAL, 8774 bytes)
18/06/02 21:06:15 INFO Executor: Running task 0.0 in stage 4.0 (TID 4)
18/06/02 21:06:15 INFO BlockManager: Found block rdd_14_0 locally
18/06/02 21:06:15 INFO Executor: Finished task 0.0 in stage 4.0 (TID 4). 1647 bytes result sent to driver
18/06/02 21:06:15 INFO TaskSetManager: Finished task 0.0 in stage 4.0 (TID 4) in 20 ms on localhost (executor driver) (1/1)
18/06/02 21:06:15 INFO DAGScheduler: ShuffleMapStage 4 (collect at utils.scala:196) finished in 0.020 s
18/06/02 21:06:15 INFO DAGScheduler: looking for newly runnable stages
18/06/02 21:06:15 INFO DAGScheduler: running: Set()
18/06/02 21:06:15 INFO DAGScheduler: waiting: Set(ResultStage 5)
18/06/02 21:06:15 INFO DAGScheduler: failed: Set()
18/06/02 21:06:15 INFO DAGScheduler: Submitting ResultStage 5 (MapPartitionsRDD[26] at collect at utils.scala:196), which has no missing parents
18/06/02 21:06:15 INFO MemoryStore: Block broadcast_5 stored as values in memory (estimated size 7.0 KB, free 366.2 MB)
18/06/02 21:06:15 INFO MemoryStore: Block broadcast_5_piece0 stored as bytes in memory (estimated size 3.7 KB, free 366.2 MB)
18/06/02 21:06:15 INFO TaskSchedulerImpl: Removed TaskSet 4.0, whose tasks have all completed, from pool 
18/06/02 21:06:15 INFO BlockManagerInfo: Added broadcast_5_piece0 in memory on 127.0.0.1:56315 (size: 3.7 KB, free: 366.3 MB)
18/06/02 21:06:15 INFO SparkContext: Created broadcast 5 from broadcast at DAGScheduler.scala:1006
18/06/02 21:06:15 INFO DAGScheduler: Submitting 1 missing tasks from ResultStage 5 (MapPartitionsRDD[26] at collect at utils.scala:196) (first 15 tasks are for partitions Vector(0))
18/06/02 21:06:15 INFO TaskSchedulerImpl: Adding task set 5.0 with 1 tasks
18/06/02 21:06:15 INFO TaskSetManager: Starting task 0.0 in stage 5.0 (TID 5, localhost, executor driver, partition 0, ANY, 4726 bytes)
18/06/02 21:06:15 INFO Executor: Running task 0.0 in stage 5.0 (TID 5)
18/06/02 21:06:15 INFO ShuffleBlockFetcherIterator: Getting 1 non-empty blocks out of 1 blocks
18/06/02 21:06:15 INFO ShuffleBlockFetcherIterator: Started 0 remote fetches in 0 ms
18/06/02 21:06:15 INFO Executor: Finished task 0.0 in stage 5.0 (TID 5). 1538 bytes result sent to driver
18/06/02 21:06:15 INFO TaskSetManager: Finished task 0.0 in stage 5.0 (TID 5) in 7 ms on localhost (executor driver) (1/1)
18/06/02 21:06:15 INFO TaskSchedulerImpl: Removed TaskSet 5.0, whose tasks have all completed, from pool 
18/06/02 21:06:15 INFO DAGScheduler: ResultStage 5 (collect at utils.scala:196) finished in 0.007 s
18/06/02 21:06:15 INFO DAGScheduler: Job 3 finished: collect at utils.scala:196, took 0.053951 s
18/06/02 21:06:15 INFO CodeGenerator: Code generated in 9.546658 ms
18/06/02 21:06:15 WARN SparkSession$Builder: Using an existing SparkSession; some configuration may not take effect.
18/06/02 21:06:15 INFO SparkSqlParser: Parsing command: SELECT *
FROM `iris` AS `zzz1`
WHERE (0 = 1)
18/06/02 21:06:15 WARN SparkSession$Builder: Using an existing SparkSession; some configuration may not take effect.
18/06/02 21:06:15 INFO SparkSqlParser: Parsing command: SHOW TABLES
18/06/02 21:06:15 INFO HiveMetaStore: 0: get_database: default
18/06/02 21:06:15 INFO audit: ugi=zhouq	ip=unknown-ip-addr	cmd=get_database: default	
18/06/02 21:06:15 INFO HiveMetaStore: 0: get_database: default
18/06/02 21:06:15 INFO audit: ugi=zhouq	ip=unknown-ip-addr	cmd=get_database: default	
18/06/02 21:06:15 INFO HiveMetaStore: 0: get_tables: db=default pat=*
18/06/02 21:06:15 INFO audit: ugi=zhouq	ip=unknown-ip-addr	cmd=get_tables: db=default pat=*	
18/06/02 21:06:15 INFO CodeGenerator: Code generated in 9.568845 ms
18/06/02 21:06:52 WARN SparkSession$Builder: Using an existing SparkSession; some configuration may not take effect.
18/06/02 21:06:52 INFO SparkSqlParser: Parsing command: SHOW TABLES
18/06/02 21:06:52 INFO HiveMetaStore: 0: get_database: default
18/06/02 21:06:52 INFO audit: ugi=zhouq	ip=unknown-ip-addr	cmd=get_database: default	
18/06/02 21:06:52 INFO HiveMetaStore: 0: get_database: default
18/06/02 21:06:52 INFO audit: ugi=zhouq	ip=unknown-ip-addr	cmd=get_database: default	
18/06/02 21:06:52 INFO HiveMetaStore: 0: get_tables: db=default pat=*
18/06/02 21:06:52 INFO audit: ugi=zhouq	ip=unknown-ip-addr	cmd=get_tables: db=default pat=*	
18/06/02 21:06:52 INFO CodeGenerator: Code generated in 8.986872 ms
18/06/02 21:06:52 INFO SparkContext: Starting job: collect at utils.scala:43
18/06/02 21:06:52 INFO DAGScheduler: Got job 4 (collect at utils.scala:43) with 1 output partitions
18/06/02 21:06:52 INFO DAGScheduler: Final stage: ResultStage 6 (collect at utils.scala:43)
18/06/02 21:06:52 INFO DAGScheduler: Parents of final stage: List()
18/06/02 21:06:52 INFO DAGScheduler: Missing parents: List()
18/06/02 21:06:52 INFO DAGScheduler: Submitting ResultStage 6 (MapPartitionsRDD[31] at map at utils.scala:40), which has no missing parents
18/06/02 21:06:52 INFO MemoryStore: Block broadcast_6 stored as values in memory (estimated size 6.3 KB, free 366.2 MB)
18/06/02 21:06:52 INFO MemoryStore: Block broadcast_6_piece0 stored as bytes in memory (estimated size 3.5 KB, free 366.2 MB)
18/06/02 21:06:52 INFO BlockManagerInfo: Added broadcast_6_piece0 in memory on 127.0.0.1:56315 (size: 3.5 KB, free: 366.3 MB)
18/06/02 21:06:52 INFO SparkContext: Created broadcast 6 from broadcast at DAGScheduler.scala:1006
18/06/02 21:06:52 INFO DAGScheduler: Submitting 1 missing tasks from ResultStage 6 (MapPartitionsRDD[31] at map at utils.scala:40) (first 15 tasks are for partitions Vector(0))
18/06/02 21:06:52 INFO TaskSchedulerImpl: Adding task set 6.0 with 1 tasks
18/06/02 21:06:52 INFO TaskSetManager: Starting task 0.0 in stage 6.0 (TID 6, localhost, executor driver, partition 0, PROCESS_LOCAL, 5011 bytes)
18/06/02 21:06:52 INFO Executor: Running task 0.0 in stage 6.0 (TID 6)
18/06/02 21:06:52 INFO Executor: Finished task 0.0 in stage 6.0 (TID 6). 934 bytes result sent to driver
18/06/02 21:06:52 INFO TaskSetManager: Finished task 0.0 in stage 6.0 (TID 6) in 6 ms on localhost (executor driver) (1/1)
18/06/02 21:06:52 INFO TaskSchedulerImpl: Removed TaskSet 6.0, whose tasks have all completed, from pool 
18/06/02 21:06:52 INFO DAGScheduler: ResultStage 6 (collect at utils.scala:43) finished in 0.008 s
18/06/02 21:06:52 INFO DAGScheduler: Job 4 finished: collect at utils.scala:43, took 0.017635 s
18/06/02 21:08:49 WARN SparkSession$Builder: Using an existing SparkSession; some configuration may not take effect.
18/06/02 21:08:49 INFO SparkSqlParser: Parsing command: SHOW TABLES
18/06/02 21:08:49 INFO HiveMetaStore: 0: get_database: default
18/06/02 21:08:49 INFO audit: ugi=zhouq	ip=unknown-ip-addr	cmd=get_database: default	
18/06/02 21:08:49 INFO HiveMetaStore: 0: get_database: default
18/06/02 21:08:49 INFO audit: ugi=zhouq	ip=unknown-ip-addr	cmd=get_database: default	
18/06/02 21:08:49 INFO HiveMetaStore: 0: get_tables: db=default pat=*
18/06/02 21:08:49 INFO audit: ugi=zhouq	ip=unknown-ip-addr	cmd=get_tables: db=default pat=*	
18/06/02 21:08:49 INFO SparkContext: Starting job: collect at utils.scala:43
18/06/02 21:08:49 INFO DAGScheduler: Got job 5 (collect at utils.scala:43) with 1 output partitions
18/06/02 21:08:49 INFO DAGScheduler: Final stage: ResultStage 7 (collect at utils.scala:43)
18/06/02 21:08:49 INFO DAGScheduler: Parents of final stage: List()
18/06/02 21:08:49 INFO DAGScheduler: Missing parents: List()
18/06/02 21:08:49 INFO DAGScheduler: Submitting ResultStage 7 (MapPartitionsRDD[36] at map at utils.scala:40), which has no missing parents
18/06/02 21:08:49 INFO MemoryStore: Block broadcast_7 stored as values in memory (estimated size 6.3 KB, free 366.2 MB)
18/06/02 21:08:49 INFO MemoryStore: Block broadcast_7_piece0 stored as bytes in memory (estimated size 3.5 KB, free 366.2 MB)
18/06/02 21:08:49 INFO BlockManagerInfo: Added broadcast_7_piece0 in memory on 127.0.0.1:56315 (size: 3.5 KB, free: 366.3 MB)
18/06/02 21:08:49 INFO SparkContext: Created broadcast 7 from broadcast at DAGScheduler.scala:1006
18/06/02 21:08:49 INFO DAGScheduler: Submitting 1 missing tasks from ResultStage 7 (MapPartitionsRDD[36] at map at utils.scala:40) (first 15 tasks are for partitions Vector(0))
18/06/02 21:08:49 INFO TaskSchedulerImpl: Adding task set 7.0 with 1 tasks
18/06/02 21:08:49 INFO TaskSetManager: Starting task 0.0 in stage 7.0 (TID 7, localhost, executor driver, partition 0, PROCESS_LOCAL, 5011 bytes)
18/06/02 21:08:49 INFO Executor: Running task 0.0 in stage 7.0 (TID 7)
18/06/02 21:08:49 INFO Executor: Finished task 0.0 in stage 7.0 (TID 7). 891 bytes result sent to driver
18/06/02 21:08:49 INFO TaskSetManager: Finished task 0.0 in stage 7.0 (TID 7) in 13 ms on localhost (executor driver) (1/1)
18/06/02 21:08:49 INFO TaskSchedulerImpl: Removed TaskSet 7.0, whose tasks have all completed, from pool 
18/06/02 21:08:49 INFO DAGScheduler: ResultStage 7 (collect at utils.scala:43) finished in 0.016 s
18/06/02 21:08:49 INFO DAGScheduler: Job 5 finished: collect at utils.scala:43, took 0.025761 s
18/06/02 21:08:49 WARN SparkSession$Builder: Using an existing SparkSession; some configuration may not take effect.
18/06/02 21:08:49 INFO SparkSqlParser: Parsing command: x
18/06/02 21:08:49 WARN SparkSession$Builder: Using an existing SparkSession; some configuration may not take effect.
18/06/02 21:08:49 INFO SparkSqlParser: Parsing command: CACHE TABLE `x`
18/06/02 21:08:49 INFO SparkSqlParser: Parsing command: `x`
18/06/02 21:08:49 INFO SparkContext: Starting job: sql at NativeMethodAccessorImpl.java:0
18/06/02 21:08:49 INFO DAGScheduler: Registering RDD 44 (sql at NativeMethodAccessorImpl.java:0)
18/06/02 21:08:49 INFO DAGScheduler: Got job 6 (sql at NativeMethodAccessorImpl.java:0) with 1 output partitions
18/06/02 21:08:49 INFO DAGScheduler: Final stage: ResultStage 9 (sql at NativeMethodAccessorImpl.java:0)
18/06/02 21:08:49 INFO DAGScheduler: Parents of final stage: List(ShuffleMapStage 8)
18/06/02 21:08:49 INFO DAGScheduler: Missing parents: List(ShuffleMapStage 8)
18/06/02 21:08:49 INFO DAGScheduler: Submitting ShuffleMapStage 8 (MapPartitionsRDD[44] at sql at NativeMethodAccessorImpl.java:0), which has no missing parents
18/06/02 21:08:49 INFO MemoryStore: Block broadcast_8 stored as values in memory (estimated size 14.9 KB, free 366.2 MB)
18/06/02 21:08:49 INFO MemoryStore: Block broadcast_8_piece0 stored as bytes in memory (estimated size 7.4 KB, free 366.2 MB)
18/06/02 21:08:49 INFO BlockManagerInfo: Added broadcast_8_piece0 in memory on 127.0.0.1:56315 (size: 7.4 KB, free: 366.3 MB)
18/06/02 21:08:49 INFO SparkContext: Created broadcast 8 from broadcast at DAGScheduler.scala:1006
18/06/02 21:08:49 INFO DAGScheduler: Submitting 1 missing tasks from ShuffleMapStage 8 (MapPartitionsRDD[44] at sql at NativeMethodAccessorImpl.java:0) (first 15 tasks are for partitions Vector(0))
18/06/02 21:08:49 INFO TaskSchedulerImpl: Adding task set 8.0 with 1 tasks
18/06/02 21:08:49 INFO TaskSetManager: Starting task 0.0 in stage 8.0 (TID 8, localhost, executor driver, partition 0, PROCESS_LOCAL, 4879 bytes)
18/06/02 21:08:49 INFO Executor: Running task 0.0 in stage 8.0 (TID 8)
18/06/02 21:08:49 INFO CodeGenerator: Code generated in 7.958606 ms
18/06/02 21:08:49 INFO CodeGenerator: Code generated in 20.428356 ms
18/06/02 21:08:49 INFO MemoryStore: Block rdd_41_0 stored as values in memory (estimated size 328.0 B, free 366.2 MB)
18/06/02 21:08:49 INFO BlockManagerInfo: Added rdd_41_0 in memory on 127.0.0.1:56315 (size: 328.0 B, free: 366.3 MB)
18/06/02 21:08:49 INFO Executor: Finished task 0.0 in stage 8.0 (TID 8). 2242 bytes result sent to driver
18/06/02 21:08:49 INFO TaskSetManager: Finished task 0.0 in stage 8.0 (TID 8) in 58 ms on localhost (executor driver) (1/1)
18/06/02 21:08:49 INFO TaskSchedulerImpl: Removed TaskSet 8.0, whose tasks have all completed, from pool 
18/06/02 21:08:49 INFO DAGScheduler: ShuffleMapStage 8 (sql at NativeMethodAccessorImpl.java:0) finished in 0.060 s
18/06/02 21:08:49 INFO DAGScheduler: looking for newly runnable stages
18/06/02 21:08:49 INFO DAGScheduler: running: Set()
18/06/02 21:08:49 INFO DAGScheduler: waiting: Set(ResultStage 9)
18/06/02 21:08:49 INFO DAGScheduler: failed: Set()
18/06/02 21:08:49 INFO DAGScheduler: Submitting ResultStage 9 (MapPartitionsRDD[47] at sql at NativeMethodAccessorImpl.java:0), which has no missing parents
18/06/02 21:08:49 INFO MemoryStore: Block broadcast_9 stored as values in memory (estimated size 7.0 KB, free 366.2 MB)
18/06/02 21:08:49 INFO MemoryStore: Block broadcast_9_piece0 stored as bytes in memory (estimated size 3.7 KB, free 366.2 MB)
18/06/02 21:08:49 INFO BlockManagerInfo: Added broadcast_9_piece0 in memory on 127.0.0.1:56315 (size: 3.7 KB, free: 366.3 MB)
18/06/02 21:08:49 INFO SparkContext: Created broadcast 9 from broadcast at DAGScheduler.scala:1006
18/06/02 21:08:49 INFO DAGScheduler: Submitting 1 missing tasks from ResultStage 9 (MapPartitionsRDD[47] at sql at NativeMethodAccessorImpl.java:0) (first 15 tasks are for partitions Vector(0))
18/06/02 21:08:49 INFO TaskSchedulerImpl: Adding task set 9.0 with 1 tasks
18/06/02 21:08:49 INFO TaskSetManager: Starting task 0.0 in stage 9.0 (TID 9, localhost, executor driver, partition 0, ANY, 4726 bytes)
18/06/02 21:08:49 INFO Executor: Running task 0.0 in stage 9.0 (TID 9)
18/06/02 21:08:49 INFO ShuffleBlockFetcherIterator: Getting 1 non-empty blocks out of 1 blocks
18/06/02 21:08:49 INFO ShuffleBlockFetcherIterator: Started 0 remote fetches in 1 ms
18/06/02 21:08:49 INFO Executor: Finished task 0.0 in stage 9.0 (TID 9). 1495 bytes result sent to driver
18/06/02 21:08:49 INFO TaskSetManager: Finished task 0.0 in stage 9.0 (TID 9) in 6 ms on localhost (executor driver) (1/1)
18/06/02 21:08:49 INFO DAGScheduler: ResultStage 9 (sql at NativeMethodAccessorImpl.java:0) finished in 0.006 s
18/06/02 21:08:49 INFO DAGScheduler: Job 6 finished: sql at NativeMethodAccessorImpl.java:0, took 0.086790 s
18/06/02 21:08:49 INFO TaskSchedulerImpl: Removed TaskSet 9.0, whose tasks have all completed, from pool 
18/06/02 21:08:49 WARN SparkSession$Builder: Using an existing SparkSession; some configuration may not take effect.
18/06/02 21:08:49 INFO SparkSqlParser: Parsing command: SELECT count(*) FROM  `x`
18/06/02 21:08:49 INFO HiveMetaStore: 0: get_database: default
18/06/02 21:08:49 INFO audit: ugi=zhouq	ip=unknown-ip-addr	cmd=get_database: default	
18/06/02 21:08:49 INFO SparkContext: Starting job: collect at utils.scala:196
18/06/02 21:08:49 INFO DAGScheduler: Registering RDD 50 (collect at utils.scala:196)
18/06/02 21:08:49 INFO DAGScheduler: Got job 7 (collect at utils.scala:196) with 1 output partitions
18/06/02 21:08:49 INFO DAGScheduler: Final stage: ResultStage 11 (collect at utils.scala:196)
18/06/02 21:08:49 INFO DAGScheduler: Parents of final stage: List(ShuffleMapStage 10)
18/06/02 21:08:49 INFO DAGScheduler: Missing parents: List(ShuffleMapStage 10)
18/06/02 21:08:49 INFO DAGScheduler: Submitting ShuffleMapStage 10 (MapPartitionsRDD[50] at collect at utils.scala:196), which has no missing parents
18/06/02 21:08:49 INFO MemoryStore: Block broadcast_10 stored as values in memory (estimated size 14.9 KB, free 366.2 MB)
18/06/02 21:08:49 INFO MemoryStore: Block broadcast_10_piece0 stored as bytes in memory (estimated size 7.4 KB, free 366.1 MB)
18/06/02 21:08:49 INFO BlockManagerInfo: Added broadcast_10_piece0 in memory on 127.0.0.1:56315 (size: 7.4 KB, free: 366.2 MB)
18/06/02 21:08:49 INFO SparkContext: Created broadcast 10 from broadcast at DAGScheduler.scala:1006
18/06/02 21:08:49 INFO DAGScheduler: Submitting 1 missing tasks from ShuffleMapStage 10 (MapPartitionsRDD[50] at collect at utils.scala:196) (first 15 tasks are for partitions Vector(0))
18/06/02 21:08:49 INFO TaskSchedulerImpl: Adding task set 10.0 with 1 tasks
18/06/02 21:08:49 INFO TaskSetManager: Starting task 0.0 in stage 10.0 (TID 10, localhost, executor driver, partition 0, PROCESS_LOCAL, 4879 bytes)
18/06/02 21:08:49 INFO Executor: Running task 0.0 in stage 10.0 (TID 10)
18/06/02 21:08:49 INFO BlockManager: Found block rdd_41_0 locally
18/06/02 21:08:49 INFO Executor: Finished task 0.0 in stage 10.0 (TID 10). 1647 bytes result sent to driver
18/06/02 21:08:49 INFO TaskSetManager: Finished task 0.0 in stage 10.0 (TID 10) in 16 ms on localhost (executor driver) (1/1)
18/06/02 21:08:49 INFO DAGScheduler: ShuffleMapStage 10 (collect at utils.scala:196) finished in 0.017 s
18/06/02 21:08:49 INFO DAGScheduler: looking for newly runnable stages
18/06/02 21:08:49 INFO DAGScheduler: running: Set()
18/06/02 21:08:49 INFO DAGScheduler: waiting: Set(ResultStage 11)
18/06/02 21:08:49 INFO DAGScheduler: failed: Set()
18/06/02 21:08:49 INFO DAGScheduler: Submitting ResultStage 11 (MapPartitionsRDD[53] at collect at utils.scala:196), which has no missing parents
18/06/02 21:08:49 INFO MemoryStore: Block broadcast_11 stored as values in memory (estimated size 7.0 KB, free 366.1 MB)
18/06/02 21:08:49 INFO TaskSchedulerImpl: Removed TaskSet 10.0, whose tasks have all completed, from pool 
18/06/02 21:08:49 INFO MemoryStore: Block broadcast_11_piece0 stored as bytes in memory (estimated size 3.7 KB, free 366.1 MB)
18/06/02 21:08:49 INFO BlockManagerInfo: Added broadcast_11_piece0 in memory on 127.0.0.1:56315 (size: 3.7 KB, free: 366.2 MB)
18/06/02 21:08:49 INFO SparkContext: Created broadcast 11 from broadcast at DAGScheduler.scala:1006
18/06/02 21:08:49 INFO DAGScheduler: Submitting 1 missing tasks from ResultStage 11 (MapPartitionsRDD[53] at collect at utils.scala:196) (first 15 tasks are for partitions Vector(0))
18/06/02 21:08:49 INFO TaskSchedulerImpl: Adding task set 11.0 with 1 tasks
18/06/02 21:08:49 INFO TaskSetManager: Starting task 0.0 in stage 11.0 (TID 11, localhost, executor driver, partition 0, ANY, 4726 bytes)
18/06/02 21:08:49 INFO Executor: Running task 0.0 in stage 11.0 (TID 11)
18/06/02 21:08:49 INFO ShuffleBlockFetcherIterator: Getting 1 non-empty blocks out of 1 blocks
18/06/02 21:08:49 INFO ShuffleBlockFetcherIterator: Started 0 remote fetches in 0 ms
18/06/02 21:08:49 INFO Executor: Finished task 0.0 in stage 11.0 (TID 11). 1538 bytes result sent to driver
18/06/02 21:08:49 INFO TaskSetManager: Finished task 0.0 in stage 11.0 (TID 11) in 6 ms on localhost (executor driver) (1/1)
18/06/02 21:08:49 INFO TaskSchedulerImpl: Removed TaskSet 11.0, whose tasks have all completed, from pool 
18/06/02 21:08:49 INFO DAGScheduler: ResultStage 11 (collect at utils.scala:196) finished in 0.007 s
18/06/02 21:08:49 INFO DAGScheduler: Job 7 finished: collect at utils.scala:196, took 0.043526 s
18/06/02 21:08:49 WARN SparkSession$Builder: Using an existing SparkSession; some configuration may not take effect.
18/06/02 21:08:49 INFO SparkSqlParser: Parsing command: SELECT *
FROM `x` AS `zzz2`
WHERE (0 = 1)
18/06/02 21:08:49 WARN SparkSession$Builder: Using an existing SparkSession; some configuration may not take effect.
18/06/02 21:08:49 INFO SparkSqlParser: Parsing command: SHOW TABLES
18/06/02 21:08:49 INFO HiveMetaStore: 0: get_database: default
18/06/02 21:08:49 INFO audit: ugi=zhouq	ip=unknown-ip-addr	cmd=get_database: default	
18/06/02 21:08:49 INFO HiveMetaStore: 0: get_database: default
18/06/02 21:08:49 INFO audit: ugi=zhouq	ip=unknown-ip-addr	cmd=get_database: default	
18/06/02 21:08:49 INFO HiveMetaStore: 0: get_tables: db=default pat=*
18/06/02 21:08:49 INFO audit: ugi=zhouq	ip=unknown-ip-addr	cmd=get_tables: db=default pat=*	
18/06/02 21:12:33 WARN SparkSession$Builder: Using an existing SparkSession; some configuration may not take effect.
18/06/02 21:12:33 INFO SparkSqlParser: Parsing command: SHOW TABLES
18/06/02 21:12:33 INFO HiveMetaStore: 0: get_database: default
18/06/02 21:12:33 INFO audit: ugi=zhouq	ip=unknown-ip-addr	cmd=get_database: default	
18/06/02 21:12:33 INFO HiveMetaStore: 0: get_database: default
18/06/02 21:12:33 INFO audit: ugi=zhouq	ip=unknown-ip-addr	cmd=get_database: default	
18/06/02 21:12:33 INFO HiveMetaStore: 0: get_tables: db=default pat=*
18/06/02 21:12:33 INFO audit: ugi=zhouq	ip=unknown-ip-addr	cmd=get_tables: db=default pat=*	
18/06/02 21:12:33 INFO SparkContext: Starting job: collect at utils.scala:43
18/06/02 21:12:33 INFO DAGScheduler: Got job 8 (collect at utils.scala:43) with 2 output partitions
18/06/02 21:12:33 INFO DAGScheduler: Final stage: ResultStage 12 (collect at utils.scala:43)
18/06/02 21:12:33 INFO DAGScheduler: Parents of final stage: List()
18/06/02 21:12:33 INFO DAGScheduler: Missing parents: List()
18/06/02 21:12:33 INFO DAGScheduler: Submitting ResultStage 12 (MapPartitionsRDD[58] at map at utils.scala:40), which has no missing parents
18/06/02 21:12:33 INFO MemoryStore: Block broadcast_12 stored as values in memory (estimated size 6.4 KB, free 366.1 MB)
18/06/02 21:12:33 INFO MemoryStore: Block broadcast_12_piece0 stored as bytes in memory (estimated size 3.5 KB, free 366.1 MB)
18/06/02 21:12:33 INFO BlockManagerInfo: Added broadcast_12_piece0 in memory on 127.0.0.1:56315 (size: 3.5 KB, free: 366.2 MB)
18/06/02 21:12:33 INFO SparkContext: Created broadcast 12 from broadcast at DAGScheduler.scala:1006
18/06/02 21:12:33 INFO DAGScheduler: Submitting 2 missing tasks from ResultStage 12 (MapPartitionsRDD[58] at map at utils.scala:40) (first 15 tasks are for partitions Vector(0, 1))
18/06/02 21:12:33 INFO TaskSchedulerImpl: Adding task set 12.0 with 2 tasks
18/06/02 21:12:33 INFO TaskSetManager: Starting task 0.0 in stage 12.0 (TID 12, localhost, executor driver, partition 0, PROCESS_LOCAL, 5011 bytes)
18/06/02 21:12:33 INFO TaskSetManager: Starting task 1.0 in stage 12.0 (TID 13, localhost, executor driver, partition 1, PROCESS_LOCAL, 5011 bytes)
18/06/02 21:12:33 INFO Executor: Running task 0.0 in stage 12.0 (TID 12)
18/06/02 21:12:33 INFO Executor: Running task 1.0 in stage 12.0 (TID 13)
18/06/02 21:12:33 INFO Executor: Finished task 0.0 in stage 12.0 (TID 12). 934 bytes result sent to driver
18/06/02 21:12:33 INFO Executor: Finished task 1.0 in stage 12.0 (TID 13). 888 bytes result sent to driver
18/06/02 21:12:33 INFO TaskSetManager: Finished task 0.0 in stage 12.0 (TID 12) in 13 ms on localhost (executor driver) (1/2)
18/06/02 21:12:33 INFO TaskSetManager: Finished task 1.0 in stage 12.0 (TID 13) in 13 ms on localhost (executor driver) (2/2)
18/06/02 21:12:33 INFO TaskSchedulerImpl: Removed TaskSet 12.0, whose tasks have all completed, from pool 
18/06/02 21:12:33 INFO DAGScheduler: ResultStage 12 (collect at utils.scala:43) finished in 0.014 s
18/06/02 21:12:33 INFO DAGScheduler: Job 8 finished: collect at utils.scala:43, took 0.025364 s
18/06/02 21:12:33 WARN SparkSession$Builder: Using an existing SparkSession; some configuration may not take effect.
18/06/02 21:12:33 INFO SparkSqlParser: Parsing command: jvt
18/06/02 21:12:33 WARN SparkSession$Builder: Using an existing SparkSession; some configuration may not take effect.
18/06/02 21:12:33 INFO SparkSqlParser: Parsing command: CACHE TABLE `jvt`
18/06/02 21:12:33 INFO SparkSqlParser: Parsing command: `jvt`
18/06/02 21:12:34 INFO SparkContext: Starting job: sql at NativeMethodAccessorImpl.java:0
18/06/02 21:12:34 INFO DAGScheduler: Registering RDD 66 (sql at NativeMethodAccessorImpl.java:0)
18/06/02 21:12:34 INFO DAGScheduler: Got job 9 (sql at NativeMethodAccessorImpl.java:0) with 1 output partitions
18/06/02 21:12:34 INFO DAGScheduler: Final stage: ResultStage 14 (sql at NativeMethodAccessorImpl.java:0)
18/06/02 21:12:34 INFO DAGScheduler: Parents of final stage: List(ShuffleMapStage 13)
18/06/02 21:12:34 INFO DAGScheduler: Missing parents: List(ShuffleMapStage 13)
18/06/02 21:12:34 INFO DAGScheduler: Submitting ShuffleMapStage 13 (MapPartitionsRDD[66] at sql at NativeMethodAccessorImpl.java:0), which has no missing parents
18/06/02 21:12:34 INFO MemoryStore: Block broadcast_13 stored as values in memory (estimated size 21.5 KB, free 366.1 MB)
18/06/02 21:12:34 INFO MemoryStore: Block broadcast_13_piece0 stored as bytes in memory (estimated size 9.3 KB, free 366.1 MB)
18/06/02 21:12:34 INFO BlockManagerInfo: Added broadcast_13_piece0 in memory on 127.0.0.1:56315 (size: 9.3 KB, free: 366.2 MB)
18/06/02 21:12:34 INFO SparkContext: Created broadcast 13 from broadcast at DAGScheduler.scala:1006
18/06/02 21:12:34 INFO DAGScheduler: Submitting 1 missing tasks from ShuffleMapStage 13 (MapPartitionsRDD[66] at sql at NativeMethodAccessorImpl.java:0) (first 15 tasks are for partitions Vector(0))
18/06/02 21:12:34 INFO TaskSchedulerImpl: Adding task set 13.0 with 1 tasks
18/06/02 21:12:34 WARN TaskSetManager: Stage 13 contains a task of very large size (1083 KB). The maximum recommended task size is 100 KB.
18/06/02 21:12:34 INFO TaskSetManager: Starting task 0.0 in stage 13.0 (TID 14, localhost, executor driver, partition 0, PROCESS_LOCAL, 1109560 bytes)
18/06/02 21:12:34 INFO Executor: Running task 0.0 in stage 13.0 (TID 14)
18/06/02 21:12:34 INFO CodeGenerator: Code generated in 14.56468 ms
18/06/02 21:12:34 INFO CodeGenerator: Code generated in 57.87771 ms
18/06/02 21:12:34 INFO MemoryStore: Block rdd_63_0 stored as values in memory (estimated size 267.6 KB, free 365.8 MB)
18/06/02 21:12:34 INFO BlockManagerInfo: Added rdd_63_0 in memory on 127.0.0.1:56315 (size: 267.6 KB, free: 366.0 MB)
18/06/02 21:12:34 INFO Executor: Finished task 0.0 in stage 13.0 (TID 14). 2242 bytes result sent to driver
18/06/02 21:12:34 INFO TaskSetManager: Finished task 0.0 in stage 13.0 (TID 14) in 654 ms on localhost (executor driver) (1/1)
18/06/02 21:12:34 INFO TaskSchedulerImpl: Removed TaskSet 13.0, whose tasks have all completed, from pool 
18/06/02 21:12:34 INFO DAGScheduler: ShuffleMapStage 13 (sql at NativeMethodAccessorImpl.java:0) finished in 0.655 s
18/06/02 21:12:34 INFO DAGScheduler: looking for newly runnable stages
18/06/02 21:12:34 INFO DAGScheduler: running: Set()
18/06/02 21:12:34 INFO DAGScheduler: waiting: Set(ResultStage 14)
18/06/02 21:12:34 INFO DAGScheduler: failed: Set()
18/06/02 21:12:34 INFO DAGScheduler: Submitting ResultStage 14 (MapPartitionsRDD[69] at sql at NativeMethodAccessorImpl.java:0), which has no missing parents
18/06/02 21:12:34 INFO MemoryStore: Block broadcast_14 stored as values in memory (estimated size 7.0 KB, free 365.8 MB)
18/06/02 21:12:34 INFO MemoryStore: Block broadcast_14_piece0 stored as bytes in memory (estimated size 3.7 KB, free 365.8 MB)
18/06/02 21:12:34 INFO BlockManagerInfo: Added broadcast_14_piece0 in memory on 127.0.0.1:56315 (size: 3.7 KB, free: 366.0 MB)
18/06/02 21:12:34 INFO SparkContext: Created broadcast 14 from broadcast at DAGScheduler.scala:1006
18/06/02 21:12:34 INFO DAGScheduler: Submitting 1 missing tasks from ResultStage 14 (MapPartitionsRDD[69] at sql at NativeMethodAccessorImpl.java:0) (first 15 tasks are for partitions Vector(0))
18/06/02 21:12:34 INFO TaskSchedulerImpl: Adding task set 14.0 with 1 tasks
18/06/02 21:12:34 INFO TaskSetManager: Starting task 0.0 in stage 14.0 (TID 15, localhost, executor driver, partition 0, ANY, 4726 bytes)
18/06/02 21:12:34 INFO Executor: Running task 0.0 in stage 14.0 (TID 15)
18/06/02 21:12:34 INFO ShuffleBlockFetcherIterator: Getting 1 non-empty blocks out of 1 blocks
18/06/02 21:12:34 INFO ShuffleBlockFetcherIterator: Started 0 remote fetches in 1 ms
18/06/02 21:12:34 INFO Executor: Finished task 0.0 in stage 14.0 (TID 15). 1495 bytes result sent to driver
18/06/02 21:12:34 INFO TaskSetManager: Finished task 0.0 in stage 14.0 (TID 15) in 8 ms on localhost (executor driver) (1/1)
18/06/02 21:12:34 INFO DAGScheduler: ResultStage 14 (sql at NativeMethodAccessorImpl.java:0) finished in 0.009 s
18/06/02 21:12:34 INFO DAGScheduler: Job 9 finished: sql at NativeMethodAccessorImpl.java:0, took 0.686516 s
18/06/02 21:12:34 INFO TaskSchedulerImpl: Removed TaskSet 14.0, whose tasks have all completed, from pool 
18/06/02 21:12:34 WARN SparkSession$Builder: Using an existing SparkSession; some configuration may not take effect.
18/06/02 21:12:34 INFO SparkSqlParser: Parsing command: SELECT count(*) FROM  `jvt`
18/06/02 21:12:34 INFO HiveMetaStore: 0: get_database: default
18/06/02 21:12:34 INFO audit: ugi=zhouq	ip=unknown-ip-addr	cmd=get_database: default	
18/06/02 21:12:34 INFO ContextCleaner: Cleaned accumulator 251
18/06/02 21:12:34 INFO ContextCleaner: Cleaned accumulator 252
18/06/02 21:12:34 INFO ContextCleaner: Cleaned accumulator 401
18/06/02 21:12:34 INFO ContextCleaner: Cleaned accumulator 253
18/06/02 21:12:34 INFO ContextCleaner: Cleaned shuffle 4
18/06/02 21:12:34 INFO ContextCleaner: Cleaned accumulator 408
18/06/02 21:12:34 INFO ContextCleaner: Cleaned accumulator 261
18/06/02 21:12:34 INFO ContextCleaner: Cleaned accumulator 257
18/06/02 21:12:34 INFO BlockManagerInfo: Removed broadcast_9_piece0 on 127.0.0.1:56315 in memory (size: 3.7 KB, free: 366.0 MB)
18/06/02 21:12:34 INFO SparkContext: Starting job: collect at utils.scala:196
18/06/02 21:12:34 INFO DAGScheduler: Registering RDD 72 (collect at utils.scala:196)
18/06/02 21:12:34 INFO DAGScheduler: Got job 10 (collect at utils.scala:196) with 1 output partitions
18/06/02 21:12:34 INFO DAGScheduler: Final stage: ResultStage 16 (collect at utils.scala:196)
18/06/02 21:12:34 INFO DAGScheduler: Parents of final stage: List(ShuffleMapStage 15)
18/06/02 21:12:34 INFO DAGScheduler: Missing parents: List(ShuffleMapStage 15)
18/06/02 21:12:34 INFO DAGScheduler: Submitting ShuffleMapStage 15 (MapPartitionsRDD[72] at collect at utils.scala:196), which has no missing parents
18/06/02 21:12:34 INFO MemoryStore: Block broadcast_15 stored as values in memory (estimated size 21.5 KB, free 365.8 MB)
18/06/02 21:12:34 INFO MemoryStore: Block broadcast_15_piece0 stored as bytes in memory (estimated size 9.3 KB, free 365.8 MB)
18/06/02 21:12:34 INFO BlockManagerInfo: Removed broadcast_5_piece0 on 127.0.0.1:56315 in memory (size: 3.7 KB, free: 366.0 MB)
18/06/02 21:12:34 INFO BlockManagerInfo: Added broadcast_15_piece0 in memory on 127.0.0.1:56315 (size: 9.3 KB, free: 366.0 MB)
18/06/02 21:12:34 INFO SparkContext: Created broadcast 15 from broadcast at DAGScheduler.scala:1006
18/06/02 21:12:34 INFO DAGScheduler: Submitting 1 missing tasks from ShuffleMapStage 15 (MapPartitionsRDD[72] at collect at utils.scala:196) (first 15 tasks are for partitions Vector(0))
18/06/02 21:12:34 INFO ContextCleaner: Cleaned accumulator 262
18/06/02 21:12:34 INFO TaskSchedulerImpl: Adding task set 15.0 with 1 tasks
18/06/02 21:12:34 INFO ContextCleaner: Cleaned accumulator 260
18/06/02 21:12:34 INFO ContextCleaner: Cleaned accumulator 403
18/06/02 21:12:34 INFO ContextCleaner: Cleaned accumulator 406
18/06/02 21:12:34 INFO ContextCleaner: Cleaned accumulator 411
18/06/02 21:12:34 INFO ContextCleaner: Cleaned accumulator 460
18/06/02 21:12:34 INFO BlockManagerInfo: Removed broadcast_10_piece0 on 127.0.0.1:56315 in memory (size: 7.4 KB, free: 366.0 MB)
18/06/02 21:12:34 INFO BlockManagerInfo: Removed broadcast_14_piece0 on 127.0.0.1:56315 in memory (size: 3.7 KB, free: 366.0 MB)
18/06/02 21:12:34 INFO BlockManagerInfo: Removed broadcast_7_piece0 on 127.0.0.1:56315 in memory (size: 3.5 KB, free: 366.0 MB)
18/06/02 21:12:34 INFO ContextCleaner: Cleaned accumulator 400
18/06/02 21:12:34 INFO ContextCleaner: Cleaned accumulator 404
18/06/02 21:12:34 INFO BlockManagerInfo: Removed broadcast_4_piece0 on 127.0.0.1:56315 in memory (size: 8.4 KB, free: 366.0 MB)
18/06/02 21:12:34 WARN TaskSetManager: Stage 15 contains a task of very large size (1083 KB). The maximum recommended task size is 100 KB.
18/06/02 21:12:34 INFO TaskSetManager: Starting task 0.0 in stage 15.0 (TID 16, localhost, executor driver, partition 0, PROCESS_LOCAL, 1109560 bytes)
18/06/02 21:12:34 INFO Executor: Running task 0.0 in stage 15.0 (TID 16)
18/06/02 21:12:34 INFO BlockManagerInfo: Removed broadcast_3_piece0 on 127.0.0.1:56315 in memory (size: 3.7 KB, free: 366.0 MB)
18/06/02 21:12:34 INFO BlockManagerInfo: Removed broadcast_8_piece0 on 127.0.0.1:56315 in memory (size: 7.4 KB, free: 366.0 MB)
18/06/02 21:12:34 INFO ContextCleaner: Cleaned accumulator 254
18/06/02 21:12:34 INFO ContextCleaner: Cleaned accumulator 407
18/06/02 21:12:34 INFO BlockManagerInfo: Removed broadcast_12_piece0 on 127.0.0.1:56315 in memory (size: 3.5 KB, free: 366.0 MB)
18/06/02 21:12:34 INFO ContextCleaner: Cleaned accumulator 256
18/06/02 21:12:34 INFO ContextCleaner: Cleaned accumulator 399
18/06/02 21:12:34 INFO ContextCleaner: Cleaned accumulator 137
18/06/02 21:12:34 INFO ContextCleaner: Cleaned accumulator 402
18/06/02 21:12:34 INFO ContextCleaner: Cleaned accumulator 250
18/06/02 21:12:34 INFO ContextCleaner: Cleaned accumulator 258
18/06/02 21:12:34 INFO ContextCleaner: Cleaned accumulator 198
18/06/02 21:12:34 INFO BlockManagerInfo: Removed broadcast_6_piece0 on 127.0.0.1:56315 in memory (size: 3.5 KB, free: 366.0 MB)
18/06/02 21:12:34 INFO BlockManager: Found block rdd_63_0 locally
18/06/02 21:12:34 INFO ContextCleaner: Cleaned accumulator 409
18/06/02 21:12:34 INFO ContextCleaner: Cleaned shuffle 2
18/06/02 21:12:34 INFO BlockManagerInfo: Removed broadcast_11_piece0 on 127.0.0.1:56315 in memory (size: 3.7 KB, free: 366.0 MB)
18/06/02 21:12:34 INFO ContextCleaner: Cleaned accumulator 311
18/06/02 21:12:34 INFO ContextCleaner: Cleaned accumulator 255
18/06/02 21:12:34 INFO ContextCleaner: Cleaned accumulator 259
18/06/02 21:12:34 INFO ContextCleaner: Cleaned accumulator 405
18/06/02 21:12:34 INFO ContextCleaner: Cleaned accumulator 410
18/06/02 21:12:34 INFO ContextCleaner: Cleaned accumulator 223
18/06/02 21:12:34 INFO BlockManagerInfo: Removed broadcast_13_piece0 on 127.0.0.1:56315 in memory (size: 9.3 KB, free: 366.0 MB)
18/06/02 21:12:34 INFO ContextCleaner: Cleaned accumulator 372
18/06/02 21:12:34 INFO Executor: Finished task 0.0 in stage 15.0 (TID 16). 1690 bytes result sent to driver
18/06/02 21:12:34 INFO TaskSetManager: Finished task 0.0 in stage 15.0 (TID 16) in 69 ms on localhost (executor driver) (1/1)
18/06/02 21:12:34 INFO DAGScheduler: ShuffleMapStage 15 (collect at utils.scala:196) finished in 0.071 s
18/06/02 21:12:34 INFO DAGScheduler: looking for newly runnable stages
18/06/02 21:12:34 INFO DAGScheduler: running: Set()
18/06/02 21:12:34 INFO DAGScheduler: waiting: Set(ResultStage 16)
18/06/02 21:12:34 INFO DAGScheduler: failed: Set()
18/06/02 21:12:34 INFO DAGScheduler: Submitting ResultStage 16 (MapPartitionsRDD[75] at collect at utils.scala:196), which has no missing parents
18/06/02 21:12:34 INFO MemoryStore: Block broadcast_16 stored as values in memory (estimated size 7.0 KB, free 366.0 MB)
18/06/02 21:12:34 INFO MemoryStore: Block broadcast_16_piece0 stored as bytes in memory (estimated size 3.7 KB, free 366.0 MB)
18/06/02 21:12:34 INFO TaskSchedulerImpl: Removed TaskSet 15.0, whose tasks have all completed, from pool 
18/06/02 21:12:34 INFO BlockManagerInfo: Added broadcast_16_piece0 in memory on 127.0.0.1:56315 (size: 3.7 KB, free: 366.0 MB)
18/06/02 21:12:34 INFO SparkContext: Created broadcast 16 from broadcast at DAGScheduler.scala:1006
18/06/02 21:12:34 INFO DAGScheduler: Submitting 1 missing tasks from ResultStage 16 (MapPartitionsRDD[75] at collect at utils.scala:196) (first 15 tasks are for partitions Vector(0))
18/06/02 21:12:34 INFO TaskSchedulerImpl: Adding task set 16.0 with 1 tasks
18/06/02 21:12:34 INFO TaskSetManager: Starting task 0.0 in stage 16.0 (TID 17, localhost, executor driver, partition 0, ANY, 4726 bytes)
18/06/02 21:12:34 INFO Executor: Running task 0.0 in stage 16.0 (TID 17)
18/06/02 21:12:34 INFO ShuffleBlockFetcherIterator: Getting 1 non-empty blocks out of 1 blocks
18/06/02 21:12:34 INFO ShuffleBlockFetcherIterator: Started 0 remote fetches in 0 ms
18/06/02 21:12:34 INFO Executor: Finished task 0.0 in stage 16.0 (TID 17). 1452 bytes result sent to driver
18/06/02 21:12:34 INFO TaskSetManager: Finished task 0.0 in stage 16.0 (TID 17) in 5 ms on localhost (executor driver) (1/1)
18/06/02 21:12:34 INFO DAGScheduler: ResultStage 16 (collect at utils.scala:196) finished in 0.006 s
18/06/02 21:12:34 INFO DAGScheduler: Job 10 finished: collect at utils.scala:196, took 0.100389 s
18/06/02 21:12:34 INFO TaskSchedulerImpl: Removed TaskSet 16.0, whose tasks have all completed, from pool 
18/06/02 21:12:34 WARN SparkSession$Builder: Using an existing SparkSession; some configuration may not take effect.
18/06/02 21:12:34 INFO SparkSqlParser: Parsing command: SELECT *
FROM `jvt` AS `zzz3`
WHERE (0 = 1)
18/06/02 21:12:34 WARN SparkSession$Builder: Using an existing SparkSession; some configuration may not take effect.
18/06/02 21:12:34 INFO SparkSqlParser: Parsing command: SELECT *
FROM `jvt`
18/06/02 21:12:34 WARN SparkSession$Builder: Using an existing SparkSession; some configuration may not take effect.
18/06/02 21:12:34 INFO SparkSqlParser: Parsing command: SELECT *
FROM `jvt`
18/06/02 21:12:35 INFO SparkContext: Starting job: collect at utils.scala:196
18/06/02 21:12:35 INFO DAGScheduler: Got job 11 (collect at utils.scala:196) with 1 output partitions
18/06/02 21:12:35 INFO DAGScheduler: Final stage: ResultStage 17 (collect at utils.scala:196)
18/06/02 21:12:35 INFO DAGScheduler: Parents of final stage: List()
18/06/02 21:12:35 INFO DAGScheduler: Missing parents: List()
18/06/02 21:12:35 INFO DAGScheduler: Submitting ResultStage 17 (MapPartitionsRDD[77] at collect at utils.scala:196), which has no missing parents
18/06/02 21:12:35 INFO MemoryStore: Block broadcast_17 stored as values in memory (estimated size 17.3 KB, free 365.9 MB)
18/06/02 21:12:35 INFO MemoryStore: Block broadcast_17_piece0 stored as bytes in memory (estimated size 7.4 KB, free 365.9 MB)
18/06/02 21:12:35 INFO BlockManagerInfo: Added broadcast_17_piece0 in memory on 127.0.0.1:56315 (size: 7.4 KB, free: 366.0 MB)
18/06/02 21:12:35 INFO SparkContext: Created broadcast 17 from broadcast at DAGScheduler.scala:1006
18/06/02 21:12:35 INFO DAGScheduler: Submitting 1 missing tasks from ResultStage 17 (MapPartitionsRDD[77] at collect at utils.scala:196) (first 15 tasks are for partitions Vector(0))
18/06/02 21:12:35 INFO TaskSchedulerImpl: Adding task set 17.0 with 1 tasks
18/06/02 21:12:35 WARN TaskSetManager: Stage 17 contains a task of very large size (1083 KB). The maximum recommended task size is 100 KB.
18/06/02 21:12:35 INFO TaskSetManager: Starting task 0.0 in stage 17.0 (TID 18, localhost, executor driver, partition 0, PROCESS_LOCAL, 1109571 bytes)
18/06/02 21:12:35 INFO Executor: Running task 0.0 in stage 17.0 (TID 18)
18/06/02 21:12:35 INFO BlockManager: Found block rdd_63_0 locally
18/06/02 21:12:35 INFO CodeGenerator: Code generated in 27.030164 ms
18/06/02 21:12:35 INFO Executor: Finished task 0.0 in stage 17.0 (TID 18). 747116 bytes result sent to driver
18/06/02 21:12:35 INFO TaskSetManager: Finished task 0.0 in stage 17.0 (TID 18) in 126 ms on localhost (executor driver) (1/1)
18/06/02 21:12:35 INFO DAGScheduler: ResultStage 17 (collect at utils.scala:196) finished in 0.126 s
18/06/02 21:12:35 INFO DAGScheduler: Job 11 finished: collect at utils.scala:196, took 0.134213 s
18/06/02 21:12:35 INFO TaskSchedulerImpl: Removed TaskSet 17.0, whose tasks have all completed, from pool 
18/06/02 21:12:35 INFO CodeGenerator: Code generated in 11.49695 ms
18/06/02 21:12:35 WARN SparkSession$Builder: Using an existing SparkSession; some configuration may not take effect.
18/06/02 21:12:35 INFO SparkSqlParser: Parsing command: SHOW TABLES
18/06/02 21:12:35 INFO HiveMetaStore: 0: get_database: default
18/06/02 21:12:35 INFO audit: ugi=zhouq	ip=unknown-ip-addr	cmd=get_database: default	
18/06/02 21:12:35 INFO HiveMetaStore: 0: get_database: default
18/06/02 21:12:35 INFO audit: ugi=zhouq	ip=unknown-ip-addr	cmd=get_database: default	
18/06/02 21:12:35 INFO HiveMetaStore: 0: get_tables: db=default pat=*
18/06/02 21:12:35 INFO audit: ugi=zhouq	ip=unknown-ip-addr	cmd=get_tables: db=default pat=*	
18/06/02 21:32:48 INFO ContextCleaner: Cleaned accumulator 80
18/06/02 21:32:48 INFO BlockManagerInfo: Removed broadcast_16_piece0 on 127.0.0.1:56315 in memory (size: 3.7 KB, free: 366.0 MB)
18/06/02 21:32:48 INFO BlockManagerInfo: Removed broadcast_17_piece0 on 127.0.0.1:56315 in memory (size: 7.4 KB, free: 366.0 MB)
18/06/02 21:32:48 INFO BlockManagerInfo: Removed broadcast_15_piece0 on 127.0.0.1:56315 in memory (size: 9.3 KB, free: 366.0 MB)
18/06/02 21:32:48 INFO ContextCleaner: Cleaned accumulator 86
18/06/02 21:32:48 INFO ContextCleaner: Cleaned accumulator 88
18/06/02 21:32:48 INFO ContextCleaner: Cleaned accumulator 77
18/06/02 21:32:48 INFO ContextCleaner: Cleaned accumulator 78
18/06/02 21:32:48 INFO ContextCleaner: Cleaned accumulator 82
18/06/02 21:32:48 INFO BlockManagerInfo: Removed broadcast_2_piece0 on 127.0.0.1:56315 in memory (size: 8.4 KB, free: 366.0 MB)
18/06/02 21:32:48 INFO ContextCleaner: Cleaned accumulator 81
18/06/02 21:32:48 INFO ContextCleaner: Cleaned accumulator 83
18/06/02 21:32:48 INFO ContextCleaner: Cleaned accumulator 85
18/06/02 21:32:48 INFO ContextCleaner: Cleaned accumulator 79
18/06/02 21:32:48 INFO ContextCleaner: Cleaned accumulator 84
18/06/02 21:32:48 INFO ContextCleaner: Cleaned accumulator 87
18/06/02 21:32:48 INFO ContextCleaner: Cleaned shuffle 0
18/06/02 23:04:08 INFO SparkContext: Invoking stop() from shutdown hook
18/06/02 23:04:08 INFO SparkUI: Stopped Spark web UI at http://127.0.0.1:4040
18/06/02 23:04:08 INFO MapOutputTrackerMasterEndpoint: MapOutputTrackerMasterEndpoint stopped!
18/06/02 23:04:08 INFO MemoryStore: MemoryStore cleared
18/06/02 23:04:08 INFO BlockManager: BlockManager stopped
18/06/02 23:04:08 INFO BlockManagerMaster: BlockManagerMaster stopped
18/06/02 23:04:08 INFO OutputCommitCoordinator$OutputCommitCoordinatorEndpoint: OutputCommitCoordinator stopped!
18/06/02 23:04:08 WARN SparkEnv: Exception while deleting Spark temp dir: C:\Users\zhouq\AppData\Local\Temp\spark-14324b44-70d0-468f-a7e7-7e1a98858bbb\userFiles-a5dcbd11-ce0a-46b4-8a05-c0f560dcdcfe
java.io.IOException: Failed to delete: C:\Users\zhouq\AppData\Local\Temp\spark-14324b44-70d0-468f-a7e7-7e1a98858bbb\userFiles-a5dcbd11-ce0a-46b4-8a05-c0f560dcdcfe
	at org.apache.spark.util.Utils$.deleteRecursively(Utils.scala:1031)
	at org.apache.spark.SparkEnv.stop(SparkEnv.scala:103)
	at org.apache.spark.SparkContext$$anonfun$stop$11.apply$mcV$sp(SparkContext.scala:1937)
	at org.apache.spark.util.Utils$.tryLogNonFatalError(Utils.scala:1317)
	at org.apache.spark.SparkContext.stop(SparkContext.scala:1936)
	at org.apache.spark.SparkContext$$anonfun$2.apply$mcV$sp(SparkContext.scala:581)
	at org.apache.spark.util.SparkShutdownHook.run(ShutdownHookManager.scala:216)
	at org.apache.spark.util.SparkShutdownHookManager$$anonfun$runAll$1$$anonfun$apply$mcV$sp$1.apply$mcV$sp(ShutdownHookManager.scala:188)
	at org.apache.spark.util.SparkShutdownHookManager$$anonfun$runAll$1$$anonfun$apply$mcV$sp$1.apply(ShutdownHookManager.scala:188)
	at org.apache.spark.util.SparkShutdownHookManager$$anonfun$runAll$1$$anonfun$apply$mcV$sp$1.apply(ShutdownHookManager.scala:188)
	at org.apache.spark.util.Utils$.logUncaughtExceptions(Utils.scala:1954)
	at org.apache.spark.util.SparkShutdownHookManager$$anonfun$runAll$1.apply$mcV$sp(ShutdownHookManager.scala:188)
	at org.apache.spark.util.SparkShutdownHookManager$$anonfun$runAll$1.apply(ShutdownHookManager.scala:188)
	at org.apache.spark.util.SparkShutdownHookManager$$anonfun$runAll$1.apply(ShutdownHookManager.scala:188)
	at scala.util.Try$.apply(Try.scala:192)
	at org.apache.spark.util.SparkShutdownHookManager.runAll(ShutdownHookManager.scala:188)
	at org.apache.spark.util.SparkShutdownHookManager$$anon$2.run(ShutdownHookManager.scala:178)
	at org.apache.hadoop.util.ShutdownHookManager$1.run(ShutdownHookManager.java:54)
18/06/02 23:04:08 INFO SparkContext: Successfully stopped SparkContext
18/06/02 23:04:08 INFO ShutdownHookManager: Shutdown hook called
18/06/02 23:04:08 INFO ShutdownHookManager: Deleting directory C:\Users\zhouq\AppData\Local\Temp\spark-14324b44-70d0-468f-a7e7-7e1a98858bbb
18/06/02 23:04:08 ERROR ShutdownHookManager: Exception while deleting Spark temp dir: C:\Users\zhouq\AppData\Local\Temp\spark-14324b44-70d0-468f-a7e7-7e1a98858bbb
java.io.IOException: Failed to delete: C:\Users\zhouq\AppData\Local\Temp\spark-14324b44-70d0-468f-a7e7-7e1a98858bbb
	at org.apache.spark.util.Utils$.deleteRecursively(Utils.scala:1031)
	at org.apache.spark.util.ShutdownHookManager$$anonfun$1$$anonfun$apply$mcV$sp$3.apply(ShutdownHookManager.scala:65)
	at org.apache.spark.util.ShutdownHookManager$$anonfun$1$$anonfun$apply$mcV$sp$3.apply(ShutdownHookManager.scala:62)
	at scala.collection.IndexedSeqOptimized$class.foreach(IndexedSeqOptimized.scala:33)
	at scala.collection.mutable.ArrayOps$ofRef.foreach(ArrayOps.scala:186)
	at org.apache.spark.util.ShutdownHookManager$$anonfun$1.apply$mcV$sp(ShutdownHookManager.scala:62)
	at org.apache.spark.util.SparkShutdownHook.run(ShutdownHookManager.scala:216)
	at org.apache.spark.util.SparkShutdownHookManager$$anonfun$runAll$1$$anonfun$apply$mcV$sp$1.apply$mcV$sp(ShutdownHookManager.scala:188)
	at org.apache.spark.util.SparkShutdownHookManager$$anonfun$runAll$1$$anonfun$apply$mcV$sp$1.apply(ShutdownHookManager.scala:188)
	at org.apache.spark.util.SparkShutdownHookManager$$anonfun$runAll$1$$anonfun$apply$mcV$sp$1.apply(ShutdownHookManager.scala:188)
	at org.apache.spark.util.Utils$.logUncaughtExceptions(Utils.scala:1954)
	at org.apache.spark.util.SparkShutdownHookManager$$anonfun$runAll$1.apply$mcV$sp(ShutdownHookManager.scala:188)
	at org.apache.spark.util.SparkShutdownHookManager$$anonfun$runAll$1.apply(ShutdownHookManager.scala:188)
	at org.apache.spark.util.SparkShutdownHookManager$$anonfun$runAll$1.apply(ShutdownHookManager.scala:188)
	at scala.util.Try$.apply(Try.scala:192)
	at org.apache.spark.util.SparkShutdownHookManager.runAll(ShutdownHookManager.scala:188)
	at org.apache.spark.util.SparkShutdownHookManager$$anon$2.run(ShutdownHookManager.scala:178)
	at org.apache.hadoop.util.ShutdownHookManager$1.run(ShutdownHookManager.java:54)
18/06/02 23:04:08 INFO ShutdownHookManager: Deleting directory C:\Users\zhouq\AppData\Local\Temp\spark-14324b44-70d0-468f-a7e7-7e1a98858bbb\userFiles-a5dcbd11-ce0a-46b4-8a05-c0f560dcdcfe
18/06/02 23:04:08 ERROR ShutdownHookManager: Exception while deleting Spark temp dir: C:\Users\zhouq\AppData\Local\Temp\spark-14324b44-70d0-468f-a7e7-7e1a98858bbb\userFiles-a5dcbd11-ce0a-46b4-8a05-c0f560dcdcfe
java.io.IOException: Failed to delete: C:\Users\zhouq\AppData\Local\Temp\spark-14324b44-70d0-468f-a7e7-7e1a98858bbb\userFiles-a5dcbd11-ce0a-46b4-8a05-c0f560dcdcfe
	at org.apache.spark.util.Utils$.deleteRecursively(Utils.scala:1031)
	at org.apache.spark.util.ShutdownHookManager$$anonfun$1$$anonfun$apply$mcV$sp$3.apply(ShutdownHookManager.scala:65)
	at org.apache.spark.util.ShutdownHookManager$$anonfun$1$$anonfun$apply$mcV$sp$3.apply(ShutdownHookManager.scala:62)
	at scala.collection.IndexedSeqOptimized$class.foreach(IndexedSeqOptimized.scala:33)
	at scala.collection.mutable.ArrayOps$ofRef.foreach(ArrayOps.scala:186)
	at org.apache.spark.util.ShutdownHookManager$$anonfun$1.apply$mcV$sp(ShutdownHookManager.scala:62)
	at org.apache.spark.util.SparkShutdownHook.run(ShutdownHookManager.scala:216)
	at org.apache.spark.util.SparkShutdownHookManager$$anonfun$runAll$1$$anonfun$apply$mcV$sp$1.apply$mcV$sp(ShutdownHookManager.scala:188)
	at org.apache.spark.util.SparkShutdownHookManager$$anonfun$runAll$1$$anonfun$apply$mcV$sp$1.apply(ShutdownHookManager.scala:188)
	at org.apache.spark.util.SparkShutdownHookManager$$anonfun$runAll$1$$anonfun$apply$mcV$sp$1.apply(ShutdownHookManager.scala:188)
	at org.apache.spark.util.Utils$.logUncaughtExceptions(Utils.scala:1954)
	at org.apache.spark.util.SparkShutdownHookManager$$anonfun$runAll$1.apply$mcV$sp(ShutdownHookManager.scala:188)
	at org.apache.spark.util.SparkShutdownHookManager$$anonfun$runAll$1.apply(ShutdownHookManager.scala:188)
	at org.apache.spark.util.SparkShutdownHookManager$$anonfun$runAll$1.apply(ShutdownHookManager.scala:188)
	at scala.util.Try$.apply(Try.scala:192)
	at org.apache.spark.util.SparkShutdownHookManager.runAll(ShutdownHookManager.scala:188)
	at org.apache.spark.util.SparkShutdownHookManager$$anon$2.run(ShutdownHookManager.scala:178)
	at org.apache.hadoop.util.ShutdownHookManager$1.run(ShutdownHookManager.java:54)
